#
# There is insufficient memory for the Java Runtime Environment to continue.
# Native memory allocation (malloc) failed to allocate 254656 bytes. Error detail: Chunk::new
# Possible reasons:
#   The system is out of physical RAM or swap space
#   This process is running with CompressedOops enabled, and the Java Heap may be blocking the growth of the native heap
# Possible solutions:
#   Reduce memory load on the system
#   Increase physical memory or swap space
#   Check if swap backing store is full
#   Decrease Java heap size (-Xmx/-Xms)
#   Decrease number of Java threads
#   Decrease Java thread stack sizes (-Xss)
#   Set larger code cache with -XX:ReservedCodeCacheSize=
#   JVM is running with Unscaled Compressed Oops mode in which the Java heap is
#     placed in the first 4GB address space. The Java Heap base address is the
#     maximum limit for the native heap growth. Please use -XX:HeapBaseMinAddress
#     to set the Java Heap base and to place the Java Heap above 4GB virtual address.
# This output file may be truncated or incomplete.
#
#  Out of Memory Error (arena.cpp:168), pid=39980, tid=10148
#
# JRE version: OpenJDK Runtime Environment Temurin-21.0.9+10 (21.0.9+10) (build 21.0.9+10-LTS)
# Java VM: OpenJDK 64-Bit Server VM Temurin-21.0.9+10 (21.0.9+10-LTS, mixed mode, sharing, tiered, compressed oops, compressed class ptrs, parallel gc, windows-amd64)
# No core dump will be written. Minidumps are not enabled by default on client versions of Windows
#

---------------  S U M M A R Y ------------

Command Line: --add-modules=ALL-SYSTEM --add-opens=java.base/java.util=ALL-UNNAMED --add-opens=java.base/java.lang=ALL-UNNAMED --add-opens=java.base/sun.nio.fs=ALL-UNNAMED -Declipse.application=org.eclipse.jdt.ls.core.id1 -Dosgi.bundles.defaultStartLevel=4 -Declipse.product=org.eclipse.jdt.ls.core.product -Djava.import.generatesMetadataFilesAtProjectRoot=false -DDetectVMInstallationsJob.disabled=true -Dfile.encoding=utf8 -XX:+UseParallelGC -XX:GCTimeRatio=4 -XX:AdaptiveSizePolicyWeight=90 -Dsun.zip.disableMemoryMapping=true -Xmx2G -Xms100m -Xlog:disable -javaagent:c:\Users\Admin\.vscode\extensions\redhat.java-1.50.0-win32-x64\lombok\lombok-1.18.39-4050.jar c:\Users\Admin\.vscode\extensions\redhat.java-1.50.0-win32-x64\server\plugins\org.eclipse.equinox.launcher_1.7.100.v20251111-0406.jar -configuration c:\Users\Admin\AppData\Roaming\Code\User\globalStorage\redhat.java\1.50.0\config_ss_win -data c:\Users\Admin\AppData\Roaming\Code\User\workspaceStorage\596f9c56135fa13f2fc85bb7884fbcb6\redhat.java\ss_ws --pipe=\\.\pipe\lsp-49d6f389ce490409294da05e47c15ec3-sock

Host: 11th Gen Intel(R) Core(TM) i5-1135G7 @ 2.40GHz, 8 cores, 15G,  Windows 11 , 64 bit Build 22621 (10.0.22621.5415)
Time: Sat Dec 20 15:37:38 2025 FLE Standard Time elapsed time: 1.558118 seconds (0d 0h 0m 1s)

---------------  T H R E A D  ---------------

Current thread (0x00000205e179d220):  JavaThread "C2 CompilerThread1" daemon [_thread_in_native, id=10148, stack(0x0000008ef0800000,0x0000008ef0900000) (1024K)]


Current CompileTask:
C2:1558  810       4       lombok.patcher.PatchScript::classMatches (41 bytes)

Stack: [0x0000008ef0800000,0x0000008ef0900000]
Native frames: (J=compiled Java code, j=interpreted, Vv=VM code, C=native code)
V  [jvm.dll+0x6d6e29]
V  [jvm.dll+0x8b4b76]
V  [jvm.dll+0x8b712e]
V  [jvm.dll+0x8b7813]
V  [jvm.dll+0x283d86]
V  [jvm.dll+0xc66ed]
V  [jvm.dll+0xc6c31]
V  [jvm.dll+0x2facee]
V  [jvm.dll+0x5fde44]
V  [jvm.dll+0x255557]
V  [jvm.dll+0x25591d]
V  [jvm.dll+0x24df40]
V  [jvm.dll+0x24b482]
V  [jvm.dll+0x1cb13e]
V  [jvm.dll+0x25b29d]
V  [jvm.dll+0x25982a]
V  [jvm.dll+0x3f7ea6]
V  [jvm.dll+0x85e9ad]
V  [jvm.dll+0x6d565d]
C  [ucrtbase.dll+0x29333]
C  [KERNEL32.DLL+0x1259d]
C  [ntdll.dll+0x5af78]


---------------  P R O C E S S  ---------------

Threads class SMR info:
_java_thread_list=0x00000205e180ae20, length=12, elements={
0x00000205c6e82bb0, 0x00000205c92283c0, 0x00000205c936c960, 0x00000205c936e2d0,
0x00000205c9230510, 0x00000205c92325d0, 0x00000205c9233110, 0x00000205c9235440,
0x00000205c925e570, 0x00000205e1745700, 0x00000205e179d220, 0x00000205e1827ce0
}

Java Threads: ( => current thread )
  0x00000205c6e82bb0 JavaThread "main"                              [_thread_in_native, id=37992, stack(0x0000008eefc00000,0x0000008eefd00000) (1024K)]
  0x00000205c92283c0 JavaThread "Reference Handler"          daemon [_thread_blocked, id=11856, stack(0x0000008ef0000000,0x0000008ef0100000) (1024K)]
  0x00000205c936c960 JavaThread "Finalizer"                  daemon [_thread_blocked, id=15192, stack(0x0000008ef0100000,0x0000008ef0200000) (1024K)]
  0x00000205c936e2d0 JavaThread "Signal Dispatcher"          daemon [_thread_blocked, id=15156, stack(0x0000008ef0200000,0x0000008ef0300000) (1024K)]
  0x00000205c9230510 JavaThread "Attach Listener"            daemon [_thread_blocked, id=17256, stack(0x0000008ef0300000,0x0000008ef0400000) (1024K)]
  0x00000205c92325d0 JavaThread "Service Thread"             daemon [_thread_blocked, id=39256, stack(0x0000008ef0400000,0x0000008ef0500000) (1024K)]
  0x00000205c9233110 JavaThread "Monitor Deflation Thread"   daemon [_thread_blocked, id=27784, stack(0x0000008ef0500000,0x0000008ef0600000) (1024K)]
  0x00000205c9235440 JavaThread "C2 CompilerThread0"         daemon [_thread_in_native, id=41672, stack(0x0000008ef0600000,0x0000008ef0700000) (1024K)]
  0x00000205c925e570 JavaThread "C1 CompilerThread0"         daemon [_thread_blocked, id=35160, stack(0x0000008ef0700000,0x0000008ef0800000) (1024K)]
  0x00000205e1745700 JavaThread "Common-Cleaner"             daemon [_thread_blocked, id=44652, stack(0x0000008ef0900000,0x0000008ef0a00000) (1024K)]
=>0x00000205e179d220 JavaThread "C2 CompilerThread1"         daemon [_thread_in_native, id=10148, stack(0x0000008ef0800000,0x0000008ef0900000) (1024K)]
  0x00000205e1827ce0 JavaThread "Notification Thread"        daemon [_thread_blocked, id=18556, stack(0x0000008ef0a00000,0x0000008ef0b00000) (1024K)]
Total: 12

Other Threads:
  0x00000205c9223190 VMThread "VM Thread"                           [id=19924, stack(0x0000008eeff00000,0x0000008ef0000000) (1024K)]
  0x00000205c913c950 WatcherThread "VM Periodic Task Thread"        [id=45964, stack(0x0000008eefe00000,0x0000008eeff00000) (1024K)]
  0x00000205c92d5f60 WorkerThread "GC Thread#0"                     [id=42528, stack(0x0000008eefd00000,0x0000008eefe00000) (1024K)]
Total: 3

Threads with active compile tasks:
C2 CompilerThread0  1580  736       4       lombok.patcher.scripts.MethodLevelPatchScript::patch (21 bytes)
C2 CompilerThread1  1580  810       4       lombok.patcher.PatchScript::classMatches (41 bytes)
Total: 2

VM state: not at safepoint (normal execution)

VM Mutex/Monitor currently owned by a thread: None

Heap address: 0x0000000080000000, size: 2048 MB, Compressed Oops mode: 32-bit

CDS archive(s) mapped at: [0x0000020580000000-0x0000020580ba0000-0x0000020580ba0000), size 12189696, SharedBaseAddress: 0x0000020580000000, ArchiveRelocationMode: 1.
Compressed class space mapped at: 0x0000020581000000-0x00000205c1000000, reserved size: 1073741824
Narrow klass base: 0x0000020580000000, Narrow klass shift: 0, Narrow klass range: 0x100000000

GC Precious Log:
 CardTable entry size: 512
 CPUs: 8 total, 8 available
 Memory: 16167M
 Large Page Support: Disabled
 NUMA Support: Disabled
 Compressed Oops: Enabled (32-bit)
 Alignments: Space 512K, Generation 512K, Heap 2M
 Heap Min Capacity: 100M
 Heap Initial Capacity: 100M
 Heap Max Capacity: 2G
 Pre-touch: Disabled
 Parallel Workers: 8

Heap:
 PSYoungGen      total 29696K, used 16602K [0x00000000d5580000, 0x00000000d7680000, 0x0000000100000000)
  eden space 25600K, 64% used [0x00000000d5580000,0x00000000d65b6bf0,0x00000000d6e80000)
  from space 4096K, 0% used [0x00000000d7280000,0x00000000d7280000,0x00000000d7680000)
  to   space 4096K, 0% used [0x00000000d6e80000,0x00000000d6e80000,0x00000000d7280000)
 ParOldGen       total 68608K, used 0K [0x0000000080000000, 0x0000000084300000, 0x00000000d5580000)
  object space 68608K, 0% used [0x0000000080000000,0x0000000080000000,0x0000000084300000)
 Metaspace       used 3244K, committed 3456K, reserved 1114112K
  class space    used 348K, committed 448K, reserved 1048576K

Card table byte_map: [0x00000205c8c50000,0x00000205c9060000] _byte_map_base: 0x00000205c8850000

Marking Bits: (ParMarkBitMap*) 0x00007ffbfc482460
 Begin Bits: [0x00000205db760000, 0x00000205dd760000)
 End Bits:   [0x00000205dd760000, 0x00000205df760000)

Polling page: 0x00000205c70e0000

Metaspace:

Usage:
  Non-class:      2.83 MB used.
      Class:    348.37 KB used.
       Both:      3.17 MB used.

Virtual space:
  Non-class space:       64.00 MB reserved,       2.94 MB (  5%) committed,  1 nodes.
      Class space:        1.00 GB reserved,     448.00 KB ( <1%) committed,  1 nodes.
             Both:        1.06 GB reserved,       3.38 MB ( <1%) committed. 

Chunk freelists:
   Non-Class:  11.50 MB
       Class:  15.50 MB
        Both:  27.00 MB

MaxMetaspaceSize: unlimited
CompressedClassSpaceSize: 1.00 GB
Initial GC threshold: 21.00 MB
Current GC threshold: 21.00 MB
CDS: on
 - commit_granule_bytes: 65536.
 - commit_granule_words: 8192.
 - virtual_space_node_default_size: 8388608.
 - enlarge_chunks_in_place: 1.
 - use_allocation_guard: 0.


Internal statistics:

num_allocs_failed_limit: 0.
num_arena_births: 146.
num_arena_deaths: 0.
num_vsnodes_births: 2.
num_vsnodes_deaths: 0.
num_space_committed: 54.
num_space_uncommitted: 0.
num_chunks_returned_to_freelist: 0.
num_chunks_taken_from_freelist: 186.
num_chunk_merges: 0.
num_chunk_splits: 122.
num_chunks_enlarged: 67.
num_inconsistent_stats: 0.

CodeHeap 'non-profiled nmethods': size=120000Kb used=313Kb max_used=313Kb free=119686Kb
 bounds [0x00000205d3f80000, 0x00000205d41f0000, 0x00000205db4b0000]
CodeHeap 'profiled nmethods': size=120000Kb used=1317Kb max_used=1317Kb free=118682Kb
 bounds [0x00000205cc4b0000, 0x00000205cc720000, 0x00000205d39e0000]
CodeHeap 'non-nmethods': size=5760Kb used=1197Kb max_used=1212Kb free=4562Kb
 bounds [0x00000205d39e0000, 0x00000205d3c50000, 0x00000205d3f80000]
CodeCache: size=245760Kb, used=2827Kb, max_used=2842Kb, free=242930Kb
 total_blobs=1309, nmethods=862, adapters=354, full_count=0
Compilation: enabled, stopped_count=0, restarted_count=0

Compilation events (20 events):
Event: 1.543 Thread 0x00000205c925e570  830       3       sun.invoke.util.VerifyAccess::isClassAccessible (230 bytes)
Event: 1.545 Thread 0x00000205c925e570 nmethod 830 0x00000205cc5ea410 code [0x00000205cc5ea720, 0x00000205cc5eb510]
Event: 1.545 Thread 0x00000205c925e570  829       3       jdk.internal.org.objectweb.asm.ByteVector::enlarge (73 bytes)
Event: 1.545 Thread 0x00000205c925e570 nmethod 829 0x00000205cc5eb910 code [0x00000205cc5ebae0, 0x00000205cc5ebec8]
Event: 1.545 Thread 0x00000205c925e570  831       1       java.lang.invoke.MethodType::rtype (5 bytes)
Event: 1.545 Thread 0x00000205c925e570 nmethod 831 0x00000205d3fcc590 code [0x00000205d3fcc720, 0x00000205d3fcc7e8]
Event: 1.553 Thread 0x00000205c925e570  833       3       java.lang.Integer::stringSize (47 bytes)
Event: 1.553 Thread 0x00000205c925e570 nmethod 833 0x00000205cc5ec010 code [0x00000205cc5ec1c0, 0x00000205cc5ec400]
Event: 1.553 Thread 0x00000205c925e570  834       3       java.lang.Integer::getChars (121 bytes)
Event: 1.554 Thread 0x00000205c925e570 nmethod 834 0x00000205cc5ec510 code [0x00000205cc5ec6e0, 0x00000205cc5ecb08]
Event: 1.554 Thread 0x00000205c925e570  837       3       java.lang.StringConcatHelper::newArray (40 bytes)
Event: 1.554 Thread 0x00000205c925e570 nmethod 837 0x00000205cc5ecd90 code [0x00000205cc5ecf60, 0x00000205cc5ed288]
Event: 1.554 Thread 0x00000205c925e570  838       3       java.lang.StringConcatHelper::mix (27 bytes)
Event: 1.554 Thread 0x00000205c925e570 nmethod 838 0x00000205cc5ed390 code [0x00000205cc5ed560, 0x00000205cc5ed940]
Event: 1.554 Thread 0x00000205c925e570  835       3       java.lang.StringConcatHelper::checkOverflow (17 bytes)
Event: 1.555 Thread 0x00000205c925e570 nmethod 835 0x00000205cc5edb10 code [0x00000205cc5edcc0, 0x00000205cc5ede88]
Event: 1.555 Thread 0x00000205c925e570  836       3       java.lang.StringConcatHelper::stringOf (20 bytes)
Event: 1.555 Thread 0x00000205c925e570 nmethod 836 0x00000205cc5edf90 code [0x00000205cc5ee140, 0x00000205cc5ee370]
Event: 1.555 Thread 0x00000205c925e570  839       3       java.lang.StringConcatHelper::prepend (37 bytes)
Event: 1.555 Thread 0x00000205c925e570 nmethod 839 0x00000205cc5ee410 code [0x00000205cc5ee5e0, 0x00000205cc5ee8a0]

GC Heap History (0 events):
No events

Dll operation events (8 events):
Event: 0.167 Loaded shared library c:\Users\Admin\.vscode\extensions\redhat.java-1.50.0-win32-x64\jre\21.0.9-win32-x86_64\bin\java.dll
Event: 0.445 Loaded shared library c:\Users\Admin\.vscode\extensions\redhat.java-1.50.0-win32-x64\jre\21.0.9-win32-x86_64\bin\zip.dll
Event: 0.481 Loaded shared library C:\Users\Admin\.vscode\extensions\redhat.java-1.50.0-win32-x64\jre\21.0.9-win32-x86_64\bin\instrument.dll
Event: 0.605 Loaded shared library C:\Users\Admin\.vscode\extensions\redhat.java-1.50.0-win32-x64\jre\21.0.9-win32-x86_64\bin\net.dll
Event: 0.699 Loaded shared library C:\Users\Admin\.vscode\extensions\redhat.java-1.50.0-win32-x64\jre\21.0.9-win32-x86_64\bin\nio.dll
Event: 0.705 Loaded shared library C:\Users\Admin\.vscode\extensions\redhat.java-1.50.0-win32-x64\jre\21.0.9-win32-x86_64\bin\zip.dll
Event: 0.733 Loaded shared library C:\Users\Admin\.vscode\extensions\redhat.java-1.50.0-win32-x64\jre\21.0.9-win32-x86_64\bin\jimage.dll
Event: 0.954 Loaded shared library c:\Users\Admin\.vscode\extensions\redhat.java-1.50.0-win32-x64\jre\21.0.9-win32-x86_64\bin\verify.dll

Deoptimization events (20 events):
Event: 1.424 Thread 0x00000205c6e82bb0 Uncommon trap: trap_request=0xffffffde fr.pc=0x00000205d3fb77cc relative=0x000000000000012c
Event: 1.424 Thread 0x00000205c6e82bb0 Uncommon trap: reason=class_check action=maybe_recompile pc=0x00000205d3fb77cc method=jdk.internal.misc.Unsafe.allocateUninitializedArray(Ljava/lang/Class;I)Ljava/lang/Object; @ 51 c2
Event: 1.424 Thread 0x00000205c6e82bb0 DEOPT PACKING pc=0x00000205d3fb77cc sp=0x0000008eefcfd810
Event: 1.424 Thread 0x00000205c6e82bb0 DEOPT UNPACKING pc=0x00000205d3a36da2 sp=0x0000008eefcfd7a0 mode 2
Event: 1.426 Thread 0x00000205c6e82bb0 Uncommon trap: trap_request=0xffffffde fr.pc=0x00000205d3fb1888 relative=0x0000000000000928
Event: 1.426 Thread 0x00000205c6e82bb0 Uncommon trap: reason=class_check action=maybe_recompile pc=0x00000205d3fb1888 method=java.util.HashMap.putVal(ILjava/lang/Object;Ljava/lang/Object;ZZ)Ljava/lang/Object; @ 91 c2
Event: 1.426 Thread 0x00000205c6e82bb0 DEOPT PACKING pc=0x00000205d3fb1888 sp=0x0000008eefcfdae0
Event: 1.426 Thread 0x00000205c6e82bb0 DEOPT UNPACKING pc=0x00000205d3a36da2 sp=0x0000008eefcfdaa0 mode 2
Event: 1.427 Thread 0x00000205c6e82bb0 Uncommon trap: trap_request=0xffffffde fr.pc=0x00000205d3fb1888 relative=0x0000000000000928
Event: 1.427 Thread 0x00000205c6e82bb0 Uncommon trap: reason=class_check action=maybe_recompile pc=0x00000205d3fb1888 method=java.util.HashMap.putVal(ILjava/lang/Object;Ljava/lang/Object;ZZ)Ljava/lang/Object; @ 91 c2
Event: 1.427 Thread 0x00000205c6e82bb0 DEOPT PACKING pc=0x00000205d3fb1888 sp=0x0000008eefcfdc00
Event: 1.427 Thread 0x00000205c6e82bb0 DEOPT UNPACKING pc=0x00000205d3a36da2 sp=0x0000008eefcfdb90 mode 2
Event: 1.533 Thread 0x00000205c6e82bb0 Uncommon trap: trap_request=0xffffff45 fr.pc=0x00000205d3fc24ac relative=0x000000000000008c
Event: 1.533 Thread 0x00000205c6e82bb0 Uncommon trap: reason=unstable_if action=reinterpret pc=0x00000205d3fc24ac method=jdk.internal.misc.Unsafe.convEndian(ZI)I @ 4 c2
Event: 1.533 Thread 0x00000205c6e82bb0 DEOPT PACKING pc=0x00000205d3fc24ac sp=0x0000008eefcfd910
Event: 1.533 Thread 0x00000205c6e82bb0 DEOPT UNPACKING pc=0x00000205d3a36da2 sp=0x0000008eefcfd840 mode 2
Event: 1.536 Thread 0x00000205c6e82bb0 Uncommon trap: trap_request=0xffffff45 fr.pc=0x00000205d3fae93c relative=0x000000000000065c
Event: 1.536 Thread 0x00000205c6e82bb0 Uncommon trap: reason=unstable_if action=reinterpret pc=0x00000205d3fae93c method=java.lang.AbstractStringBuilder.append(Ljava/lang/String;)Ljava/lang/AbstractStringBuilder; @ 1 c2
Event: 1.536 Thread 0x00000205c6e82bb0 DEOPT PACKING pc=0x00000205d3fae93c sp=0x0000008eefcfdc70
Event: 1.536 Thread 0x00000205c6e82bb0 DEOPT UNPACKING pc=0x00000205d3a36da2 sp=0x0000008eefcfdc00 mode 2

Classes loaded (20 events):
Event: 1.532 Loading class sun/net/www/MimeTable$DefaultInstanceHolder$1
Event: 1.532 Loading class sun/net/www/MimeTable$DefaultInstanceHolder$1 done
Event: 1.536 Loading class sun/net/www/MimeEntry
Event: 1.536 Loading class sun/net/www/MimeEntry done
Event: 1.541 Loading class java/util/regex/Pattern$1MatcherIterator
Event: 1.542 Loading class java/util/regex/Pattern$1MatcherIterator done
Event: 1.543 Loading class java/util/ImmutableCollections$Access
Event: 1.544 Loading class java/util/ImmutableCollections$Access done
Event: 1.544 Loading class java/util/ImmutableCollections$Access$1
Event: 1.544 Loading class jdk/internal/access/JavaUtilCollectionAccess
Event: 1.544 Loading class jdk/internal/access/JavaUtilCollectionAccess done
Event: 1.544 Loading class java/util/ImmutableCollections$Access$1 done
Event: 1.546 Loading class java/util/stream/Nodes$SpinedNodeBuilder
Event: 1.547 Loading class java/util/stream/SpinedBuffer
Event: 1.547 Loading class java/util/stream/AbstractSpinedBuffer
Event: 1.548 Loading class java/util/stream/AbstractSpinedBuffer done
Event: 1.548 Loading class java/util/stream/SpinedBuffer done
Event: 1.548 Loading class java/util/stream/Nodes$SpinedNodeBuilder done
Event: 1.555 Loading class java/lang/invoke/DirectMethodHandle$Special
Event: 1.555 Loading class java/lang/invoke/DirectMethodHandle$Special done

Classes unloaded (0 events):
No events

Classes redefined (0 events):
No events

Internal exceptions (20 events):
Event: 0.721 Thread 0x00000205c6e82bb0 Exception <a 'java/lang/NoSuchMethodError'{0x00000000d5911b70}: 'java.lang.Object java.lang.invoke.Invokers$Holder.invokeExact_MT(java.lang.Object, java.lang.Object, java.lang.Object, java.lang.Object, java.lang.Object)'> (0x00000000d5911b70) 
thrown [s\src\hotspot\share\interpreter\linkResolver.cpp, line 773]
Event: 0.805 Thread 0x00000205c6e82bb0 Exception <a 'java/lang/NoSuchMethodError'{0x00000000d59ca5e8}: 'int java.lang.invoke.DirectMethodHandle$Holder.invokeSpecial(java.lang.Object, java.lang.Object, java.lang.Object, int)'> (0x00000000d59ca5e8) 
thrown [s\src\hotspot\share\interpreter\linkResolver.cpp, line 773]
Event: 0.809 Thread 0x00000205c6e82bb0 Exception <a 'java/lang/NoSuchMethodError'{0x00000000d59dcfd0}: 'java.lang.Object java.lang.invoke.DirectMethodHandle$Holder.invokeStatic(java.lang.Object, java.lang.Object, java.lang.Object, java.lang.Object, int)'> (0x00000000d59dcfd0) 
thrown [s\src\hotspot\share\interpreter\linkResolver.cpp, line 773]
Event: 0.812 Thread 0x00000205c6e82bb0 Exception <a 'java/lang/NoSuchMethodError'{0x00000000d59e8478}: 'void java.lang.invoke.DelegatingMethodHandle$Holder.reinvoke_L(java.lang.Object, java.lang.Object, java.lang.Object, int, java.lang.Object)'> (0x00000000d59e8478) 
thrown [s\src\hotspot\share\interpreter\linkResolver.cpp, line 773]
Event: 0.815 Thread 0x00000205c6e82bb0 Exception <a 'java/lang/NoSuchMethodError'{0x00000000d59f8f70}: 'int java.lang.invoke.DirectMethodHandle$Holder.invokeSpecial(java.lang.Object, java.lang.Object, java.lang.Object)'> (0x00000000d59f8f70) 
thrown [s\src\hotspot\share\interpreter\linkResolver.cpp, line 773]
Event: 0.818 Thread 0x00000205c6e82bb0 Exception <a 'java/lang/NoSuchMethodError'{0x00000000d5a04c30}: 'java.lang.Object java.lang.invoke.DirectMethodHandle$Holder.invokeStatic(java.lang.Object, java.lang.Object, int)'> (0x00000000d5a04c30) 
thrown [s\src\hotspot\share\interpreter\linkResolver.cpp, line 773]
Event: 0.819 Thread 0x00000205c6e82bb0 Exception <a 'java/lang/NoSuchMethodError'{0x00000000d5a09580}: 'void java.lang.invoke.DirectMethodHandle$Holder.invokeStatic(java.lang.Object, java.lang.Object, int, java.lang.Object)'> (0x00000000d5a09580) 
thrown [s\src\hotspot\share\interpreter\linkResolver.cpp, line 773]
Event: 0.819 Thread 0x00000205c6e82bb0 Exception <a 'java/lang/NoSuchMethodError'{0x00000000d5a0d110}: 'void java.lang.invoke.DirectMethodHandle$Holder.invokeSpecial(java.lang.Object, java.lang.Object, java.lang.Object, int, java.lang.Object)'> (0x00000000d5a0d110) 
thrown [s\src\hotspot\share\interpreter\linkResolver.cpp, line 773]
Event: 0.820 Thread 0x00000205c6e82bb0 Exception <a 'java/lang/NoSuchMethodError'{0x00000000d5a10580}: 'void java.lang.invoke.DelegatingMethodHandle$Holder.delegate(java.lang.Object, java.lang.Object, int, java.lang.Object)'> (0x00000000d5a10580) 
thrown [s\src\hotspot\share\interpreter\linkResolver.cpp, line 773]
Event: 0.993 Thread 0x00000205c6e82bb0 Exception <a 'java/lang/NoSuchMethodError'{0x00000000d5bcf5d8}: 'void java.lang.invoke.DelegatingMethodHandle$Holder.reinvoke_L(java.lang.Object, java.lang.Object, java.lang.Object, int)'> (0x00000000d5bcf5d8) 
thrown [s\src\hotspot\share\interpreter\linkResolver.cpp, line 773]
Event: 1.267 Thread 0x00000205c6e82bb0 Exception <a 'java/lang/NoSuchMethodError'{0x00000000d605b210}: 'void java.lang.invoke.DirectMethodHandle$Holder.invokeVirtual(java.lang.Object, java.lang.Object)'> (0x00000000d605b210) 
thrown [s\src\hotspot\share\interpreter\linkResolver.cpp, line 773]
Event: 1.472 Thread 0x00000205c6e82bb0 Exception <a 'java/lang/NoSuchMethodError'{0x00000000d6440ee0}: 'void java.lang.invoke.DirectMethodHandle$Holder.invokeStatic(java.lang.Object, java.lang.Object)'> (0x00000000d6440ee0) 
thrown [s\src\hotspot\share\interpreter\linkResolver.cpp, line 773]
Event: 1.480 Thread 0x00000205c6e82bb0 Exception <a 'java/lang/ClassNotFoundException'{0x00000000d6468fd8}: sun/net/www/protocol/c/Handler> (0x00000000d6468fd8) 
thrown [s\src\hotspot\share\classfile\systemDictionary.cpp, line 312]
Event: 1.529 Thread 0x00000205c6e82bb0 Exception <a 'java/io/FileNotFoundException'{0x00000000d64c3018}> (0x00000000d64c3018) 
thrown [s\src\hotspot\share\prims\jni.cpp, line 520]
Event: 1.529 Thread 0x00000205c6e82bb0 Exception <a 'java/io/FileNotFoundException'{0x00000000d64c4340}> (0x00000000d64c4340) 
thrown [s\src\hotspot\share\prims\jni.cpp, line 520]
Event: 1.530 Thread 0x00000205c6e82bb0 Exception <a 'java/io/FileNotFoundException'{0x00000000d64c4fb8}> (0x00000000d64c4fb8) 
thrown [s\src\hotspot\share\prims\jni.cpp, line 520]
Event: 1.530 Thread 0x00000205c6e82bb0 Exception <a 'java/io/FileNotFoundException'{0x00000000d64c5af8}> (0x00000000d64c5af8) 
thrown [s\src\hotspot\share\prims\jni.cpp, line 520]
Event: 1.536 Thread 0x00000205c6e82bb0 Implicit null exception at 0x00000205d3fae324 to 0x00000205d3fae924
Event: 1.540 Thread 0x00000205c6e82bb0 Exception <a 'java/io/FileNotFoundException'{0x00000000d64ffd18}> (0x00000000d64ffd18) 
thrown [s\src\hotspot\share\prims\jni.cpp, line 520]
Event: 1.556 Thread 0x00000205c6e82bb0 Exception <a 'java/lang/NoSuchMethodError'{0x00000000d653b308}: 'java.lang.Object java.lang.invoke.DirectMethodHandle$Holder.invokeInterface(java.lang.Object, java.lang.Object)'> (0x00000000d653b308) 
thrown [s\src\hotspot\share\interpreter\linkResolver.cpp, line 773]

ZGC Phase Switch (0 events):
No events

VM Operations (10 events):
Event: 0.357 Executing VM operation: HandshakeAllThreads (Deoptimize)
Event: 0.357 Executing VM operation: HandshakeAllThreads (Deoptimize) done
Event: 0.754 Executing VM operation: HandshakeAllThreads (Deoptimize)
Event: 0.754 Executing VM operation: HandshakeAllThreads (Deoptimize) done
Event: 1.440 Executing VM operation: HandshakeAllThreads (Deoptimize)
Event: 1.440 Executing VM operation: HandshakeAllThreads (Deoptimize) done
Event: 1.440 Executing VM operation: Cleanup
Event: 1.441 Executing VM operation: Cleanup done
Event: 1.467 Executing VM operation: HandshakeAllThreads (Deoptimize)
Event: 1.467 Executing VM operation: HandshakeAllThreads (Deoptimize) done

Memory protections (0 events):
No events

Nmethod flushes (0 events):
No events

Events (14 events):
Event: 0.218 Thread 0x00000205c6e82bb0 Thread added: 0x00000205c6e82bb0
Event: 0.251 Thread 0x00000205c6e82bb0 Thread added: 0x00000205c92283c0
Event: 0.251 Thread 0x00000205c6e82bb0 Thread added: 0x00000205c936c960
Event: 0.252 Thread 0x00000205c6e82bb0 Thread added: 0x00000205c936e2d0
Event: 0.252 Thread 0x00000205c6e82bb0 Thread added: 0x00000205c9230510
Event: 0.252 Thread 0x00000205c6e82bb0 Thread added: 0x00000205c92325d0
Event: 0.252 Thread 0x00000205c6e82bb0 Thread added: 0x00000205c9233110
Event: 0.252 Thread 0x00000205c6e82bb0 Thread added: 0x00000205c9235440
Event: 0.269 Thread 0x00000205c6e82bb0 Thread added: 0x00000205c925e570
Event: 0.465 Thread 0x00000205c925e570 Thread added: 0x00000205e16ec770
Event: 0.484 Thread 0x00000205c6e82bb0 Thread added: 0x00000205e1745700
Event: 0.706 Thread 0x00000205e16ec770 Thread exited: 0x00000205e16ec770
Event: 0.857 Thread 0x00000205c9235440 Thread added: 0x00000205e179d220
Event: 1.106 Thread 0x00000205c6e82bb0 Thread added: 0x00000205e1827ce0


Dynamic libraries:
0x00007ff791800000 - 0x00007ff79180e000 	c:\Users\Admin\.vscode\extensions\redhat.java-1.50.0-win32-x64\jre\21.0.9-win32-x86_64\bin\java.exe
0x00007ffc8c0d0000 - 0x00007ffc8c2e8000 	C:\WINDOWS\SYSTEM32\ntdll.dll
0x00007ffc8b0e0000 - 0x00007ffc8b1a4000 	C:\WINDOWS\System32\KERNEL32.DLL
0x00007ffc89780000 - 0x00007ffc89b53000 	C:\WINDOWS\System32\KERNELBASE.dll
0x00007ffc84130000 - 0x00007ffc841c7000 	C:\WINDOWS\SYSTEM32\apphelp.dll
0x00007ffc89510000 - 0x00007ffc89621000 	C:\WINDOWS\System32\ucrtbase.dll
0x00007ffc73a60000 - 0x00007ffc73a7e000 	c:\Users\Admin\.vscode\extensions\redhat.java-1.50.0-win32-x64\jre\21.0.9-win32-x86_64\bin\VCRUNTIME140.dll
0x00007ffc72eb0000 - 0x00007ffc72ec8000 	c:\Users\Admin\.vscode\extensions\redhat.java-1.50.0-win32-x64\jre\21.0.9-win32-x86_64\bin\jli.dll
0x00007ffc8abc0000 - 0x00007ffc8ad72000 	C:\WINDOWS\System32\USER32.dll
0x00007ffc89460000 - 0x00007ffc89486000 	C:\WINDOWS\System32\win32u.dll
0x00007ffc77660000 - 0x00007ffc778fc000 	C:\WINDOWS\WinSxS\amd64_microsoft.windows.common-controls_6595b64144ccf1df_6.0.22621.6060_none_2712eda17382d24b\COMCTL32.dll
0x00007ffc8bcd0000 - 0x00007ffc8bcf9000 	C:\WINDOWS\System32\GDI32.dll
0x00007ffc8a6f0000 - 0x00007ffc8a797000 	C:\WINDOWS\System32\msvcrt.dll
0x00007ffc89660000 - 0x00007ffc8977b000 	C:\WINDOWS\System32\gdi32full.dll
0x00007ffc89cd0000 - 0x00007ffc89d6a000 	C:\WINDOWS\System32\msvcp_win.dll
0x00007ffc89e90000 - 0x00007ffc89ec1000 	C:\WINDOWS\System32\IMM32.DLL
0x00007ffc80a30000 - 0x00007ffc80a3c000 	c:\Users\Admin\.vscode\extensions\redhat.java-1.50.0-win32-x64\jre\21.0.9-win32-x86_64\bin\vcruntime140_1.dll
0x00007ffc2f870000 - 0x00007ffc2f8fd000 	c:\Users\Admin\.vscode\extensions\redhat.java-1.50.0-win32-x64\jre\21.0.9-win32-x86_64\bin\msvcp140.dll
0x00007ffbfb7c0000 - 0x00007ffbfc560000 	c:\Users\Admin\.vscode\extensions\redhat.java-1.50.0-win32-x64\jre\21.0.9-win32-x86_64\bin\server\jvm.dll
0x00007ffc8af90000 - 0x00007ffc8b041000 	C:\WINDOWS\System32\ADVAPI32.dll
0x00007ffc8bd50000 - 0x00007ffc8bdf8000 	C:\WINDOWS\System32\sechost.dll
0x00007ffc89630000 - 0x00007ffc89658000 	C:\WINDOWS\System32\bcrypt.dll
0x00007ffc89d70000 - 0x00007ffc89e88000 	C:\WINDOWS\System32\RPCRT4.dll
0x00007ffc8ab40000 - 0x00007ffc8abb1000 	C:\WINDOWS\System32\WS2_32.dll
0x00007ffc88030000 - 0x00007ffc8807d000 	C:\WINDOWS\SYSTEM32\POWRPROF.dll
0x00007ffc84210000 - 0x00007ffc84244000 	C:\WINDOWS\SYSTEM32\WINMM.dll
0x00007ffc80800000 - 0x00007ffc8080a000 	C:\WINDOWS\SYSTEM32\VERSION.dll
0x00007ffc88010000 - 0x00007ffc88023000 	C:\WINDOWS\SYSTEM32\UMPDC.dll
0x00007ffc882b0000 - 0x00007ffc882c8000 	C:\WINDOWS\SYSTEM32\kernel.appcore.dll
0x00007ffc80af0000 - 0x00007ffc80afa000 	c:\Users\Admin\.vscode\extensions\redhat.java-1.50.0-win32-x64\jre\21.0.9-win32-x86_64\bin\jimage.dll
0x00007ffc86890000 - 0x00007ffc86ac3000 	C:\WINDOWS\SYSTEM32\DBGHELP.DLL
0x00007ffc8a7a0000 - 0x00007ffc8ab31000 	C:\WINDOWS\System32\combase.dll
0x00007ffc8a350000 - 0x00007ffc8a428000 	C:\WINDOWS\System32\OLEAUT32.dll
0x00007ffc841d0000 - 0x00007ffc84202000 	C:\WINDOWS\SYSTEM32\dbgcore.DLL
0x00007ffc89320000 - 0x00007ffc8939b000 	C:\WINDOWS\System32\bcryptPrimitives.dll
0x00007ffc80a60000 - 0x00007ffc80a6f000 	c:\Users\Admin\.vscode\extensions\redhat.java-1.50.0-win32-x64\jre\21.0.9-win32-x86_64\bin\instrument.dll
0x00007ffc77610000 - 0x00007ffc77630000 	c:\Users\Admin\.vscode\extensions\redhat.java-1.50.0-win32-x64\jre\21.0.9-win32-x86_64\bin\java.dll
0x00007ffc8b1b0000 - 0x00007ffc8ba4c000 	C:\WINDOWS\System32\SHELL32.dll
0x00007ffc891e0000 - 0x00007ffc8931f000 	C:\WINDOWS\System32\wintypes.dll
0x00007ffc870f0000 - 0x00007ffc87a0a000 	C:\WINDOWS\SYSTEM32\windows.storage.dll
0x00007ffc8bbc0000 - 0x00007ffc8bcc4000 	C:\WINDOWS\System32\SHCORE.dll
0x00007ffc8a600000 - 0x00007ffc8a669000 	C:\WINDOWS\System32\shlwapi.dll
0x00007ffc89110000 - 0x00007ffc89135000 	C:\WINDOWS\SYSTEM32\profapi.dll
0x00007ffc724c0000 - 0x00007ffc724d8000 	c:\Users\Admin\.vscode\extensions\redhat.java-1.50.0-win32-x64\jre\21.0.9-win32-x86_64\bin\zip.dll
0x00007ffc7f770000 - 0x00007ffc7f780000 	C:\Users\Admin\.vscode\extensions\redhat.java-1.50.0-win32-x64\jre\21.0.9-win32-x86_64\bin\net.dll
0x00007ffc845c0000 - 0x00007ffc846ec000 	C:\WINDOWS\SYSTEM32\WINHTTP.dll
0x00007ffc88790000 - 0x00007ffc887f9000 	C:\WINDOWS\system32\mswsock.dll
0x00007ffc6fd40000 - 0x00007ffc6fd56000 	C:\Users\Admin\.vscode\extensions\redhat.java-1.50.0-win32-x64\jre\21.0.9-win32-x86_64\bin\nio.dll
0x00007ffc73ac0000 - 0x00007ffc73ad0000 	c:\Users\Admin\.vscode\extensions\redhat.java-1.50.0-win32-x64\jre\21.0.9-win32-x86_64\bin\verify.dll

JVMTI agents:
c:\Users\Admin\.vscode\extensions\redhat.java-1.50.0-win32-x64\lombok\lombok-1.18.39-4050.jar path:c:\Users\Admin\.vscode\extensions\redhat.java-1.50.0-win32-x64\jre\21.0.9-win32-x86_64\bin\instrument.dll, loaded, initialized, instrumentlib options:none

dbghelp: loaded successfully - version: 4.0.5 - missing functions: none
symbol engine: initialized successfully - sym options: 0x614 - pdb path: .;c:\Users\Admin\.vscode\extensions\redhat.java-1.50.0-win32-x64\jre\21.0.9-win32-x86_64\bin;C:\WINDOWS\SYSTEM32;C:\WINDOWS\WinSxS\amd64_microsoft.windows.common-controls_6595b64144ccf1df_6.0.22621.6060_none_2712eda17382d24b;c:\Users\Admin\.vscode\extensions\redhat.java-1.50.0-win32-x64\jre\21.0.9-win32-x86_64\bin\server

VM Arguments:
jvm_args: --add-modules=ALL-SYSTEM --add-opens=java.base/java.util=ALL-UNNAMED --add-opens=java.base/java.lang=ALL-UNNAMED --add-opens=java.base/sun.nio.fs=ALL-UNNAMED -Declipse.application=org.eclipse.jdt.ls.core.id1 -Dosgi.bundles.defaultStartLevel=4 -Declipse.product=org.eclipse.jdt.ls.core.product -Djava.import.generatesMetadataFilesAtProjectRoot=false -DDetectVMInstallationsJob.disabled=true -Dfile.encoding=utf8 -XX:+UseParallelGC -XX:GCTimeRatio=4 -XX:AdaptiveSizePolicyWeight=90 -Dsun.zip.disableMemoryMapping=true -Xmx2G -Xms100m -Xlog:disable -javaagent:c:\Users\Admin\.vscode\extensions\redhat.java-1.50.0-win32-x64\lombok\lombok-1.18.39-4050.jar 
java_command: c:\Users\Admin\.vscode\extensions\redhat.java-1.50.0-win32-x64\server\plugins\org.eclipse.equinox.launcher_1.7.100.v20251111-0406.jar -configuration c:\Users\Admin\AppData\Roaming\Code\User\globalStorage\redhat.java\1.50.0\config_ss_win -data c:\Users\Admin\AppData\Roaming\Code\User\workspaceStorage\596f9c56135fa13f2fc85bb7884fbcb6\redhat.java\ss_ws --pipe=\\.\pipe\lsp-49d6f389ce490409294da05e47c15ec3-sock
java_class_path (initial): c:\Users\Admin\.vscode\extensions\redhat.java-1.50.0-win32-x64\server\plugins\org.eclipse.equinox.launcher_1.7.100.v20251111-0406.jar
Launcher Type: SUN_STANDARD

[Global flags]
    uintx AdaptiveSizePolicyWeight                 = 90                                        {product} {command line}
     intx CICompilerCount                          = 4                                         {product} {ergonomic}
    uintx GCTimeRatio                              = 4                                         {product} {command line}
   size_t InitialHeapSize                          = 104857600                                 {product} {command line}
   size_t MaxHeapSize                              = 2147483648                                {product} {command line}
   size_t MaxNewSize                               = 715653120                                 {product} {ergonomic}
   size_t MinHeapDeltaBytes                        = 524288                                    {product} {ergonomic}
   size_t MinHeapSize                              = 104857600                                 {product} {command line}
   size_t NewSize                                  = 34603008                                  {product} {ergonomic}
    uintx NonNMethodCodeHeapSize                   = 5839372                                {pd product} {ergonomic}
    uintx NonProfiledCodeHeapSize                  = 122909434                              {pd product} {ergonomic}
   size_t OldSize                                  = 70254592                                  {product} {ergonomic}
    uintx ProfiledCodeHeapSize                     = 122909434                              {pd product} {ergonomic}
    uintx ReservedCodeCacheSize                    = 251658240                              {pd product} {ergonomic}
     bool SegmentedCodeCache                       = true                                      {product} {ergonomic}
   size_t SoftMaxHeapSize                          = 2147483648                             {manageable} {ergonomic}
     bool UseCompressedOops                        = true                           {product lp64_product} {ergonomic}
     bool UseLargePagesIndividualAllocation        = false                                  {pd product} {ergonomic}
     bool UseParallelGC                            = true                                      {product} {command line}

Logging:
Log output configuration:
 #0: stdout all=off uptime,level,tags foldmultilines=false
 #1: stderr all=off uptime,level,tags foldmultilines=false

Release file:
JAVA_VERSION="21.0.9" 
MODULES="java.base java.compiler java.datatransfer java.xml java.prefs java.desktop java.instrument java.logging java.management java.security.sasl java.naming java.rmi java.management.rmi java.net.http java.scripting java.security.jgss java.transaction.xa java.sql java.sql.rowset java.xml.crypto java.se java.smartcardio jdk.accessibility jdk.internal.jvmstat jdk.attach jdk.charsets jdk.internal.opt jdk.zipfs jdk.compiler jdk.crypto.ec jdk.crypto.cryptoki jdk.crypto.mscapi jdk.dynalink jdk.internal.ed jdk.editpad jdk.hotspot.agent jdk.httpserver jdk.internal.le jdk.internal.vm.ci jdk.internal.vm.compiler jdk.internal.vm.compiler.management jdk.jartool jdk.javadoc jdk.jcmd jdk.management jdk.management.agent jdk.jconsole jdk.jdeps jdk.jdwp.agent jdk.jdi jdk.jfr jdk.jshell jdk.jsobject jdk.jstatd jdk.localedata jdk.management.jfr jdk.naming.dns jdk.naming.rmi jdk.net jdk.nio.mapmode jdk.random jdk.sctp jdk.security.auth jdk.security.jgss jdk.unsupported jdk.unsupported.desktop jdk.xml.dom" 

Environment Variables:
JAVA_HOME=C:\Program Files\Java\jdk-21
PATH=C:\Program Files\Common Files\Oracle\Java\javapath;C:\WINDOWS\system32;C:\WINDOWS;C:\WINDOWS\System32\Wbem;C:\WINDOWS\System32\WindowsPowerShell\v1.0\;C:\WINDOWS\System32\OpenSSH\;C:\ProgramData\chocolatey\bin;C:\Program Files\Git\cmd;C:\Program Files\apache-maven-3.9.2\bin;C:\Program Files\Amazon\AWSCLIV2\;C:\Program Files\Microsoft SQL Server\Client SDK\ODBC\170\Tools\Binn\;C:\Program Files (x86)\Microsoft SQL Server\150\Tools\Binn\;C:\Program Files\Microsoft SQL Server\150\Tools\Binn\;C:\Program Files\Microsoft SQL Server\150\DTS\Binn\;C:\Program Files\nodejs\;C:\Program Files\dotnet\;C:\WINDOWS\system32\config\systemprofile\AppData\Local\Microsoft\WindowsApps;C:\Users\Admin\AppData\Local\Programs\Lens\resources\cli\bin;C:\Users\Admin\AppData\Local\Programs\Microsoft VS Code\bin;C:\Users\Admin\AppData\Roaming\npm;C:\Users\Admin\AppData\Local\GitHubDesktop\bin
USERNAME=Admin
OS=Windows_NT
PROCESSOR_IDENTIFIER=Intel64 Family 6 Model 140 Stepping 1, GenuineIntel
TMP=C:\Users\Admin\AppData\Local\Temp
TEMP=C:\Users\Admin\AppData\Local\Temp




Periodic native trim disabled

---------------  S Y S T E M  ---------------

OS:
 Windows 11 , 64 bit Build 22621 (10.0.22621.5415)
OS uptime: 11 days 2:37 hours

CPU: total 8 (initial active 8) (4 cores per cpu, 2 threads per core) family 6 model 140 stepping 1 microcode 0xb8, cx8, cmov, fxsr, ht, mmx, 3dnowpref, sse, sse2, sse3, ssse3, sse4.1, sse4.2, popcnt, lzcnt, tsc, tscinvbit, avx, avx2, aes, erms, clmul, bmi1, bmi2, adx, avx512f, avx512dq, avx512cd, avx512bw, avx512vl, sha, fma, vzeroupper, avx512_vpopcntdq, avx512_vpclmulqdq, avx512_vaes, avx512_vnni, clflush, clflushopt, clwb, avx512_vbmi2, avx512_vbmi, rdtscp, rdpid, fsrm, gfni, avx512_bitalg, f16c, pku, cet_ibt, cet_ss, avx512_ifma
Processor Information for the first 8 processors :
  Max Mhz: 2419, Current Mhz: 2419, Mhz Limit: 2419

Memory: 4k page, system-wide physical 16167M (546M free)
TotalPageFile size 31554M (AvailPageFile size 3M)
current process WorkingSet (physical memory assigned to process): 64M, peak: 65M
current process commit charge ("private bytes"): 232M, peak: 233M

vm_info: OpenJDK 64-Bit Server VM (21.0.9+10-LTS) for windows-amd64 JRE (21.0.9+10-LTS), built on 2025-10-21T00:00:00Z by "admin" with unknown MS VC++:1942

END.
